2024-02-18 15:58:31,375 [model_return_rf.py:33] [INFO] - feature/label: 
        count      mean       std      min      25%      50%      75%      max
mu     613.0 -0.005387  0.007952 -0.04696 -0.00863 -0.00421 -0.00077  0.05456
sd     613.0  0.150914  0.048331  0.09423  0.12010  0.13725  0.16771  0.47582
skew   613.0 -0.556849  0.219521 -1.19664 -0.71889 -0.54389 -0.39342  0.22005
kurt   613.0  1.051346  0.460131  0.21382  0.68739  1.00943  1.31437  2.65312
p10    613.0 -0.198459  0.068411 -0.77608 -0.22327 -0.17930 -0.15624 -0.11917
p50    613.0  0.007936  0.010805 -0.01725  0.00216  0.00656  0.01234  0.10345
p90    613.0  0.168623  0.047780  0.11048  0.13870  0.15459  0.18559  0.49188
prDec  613.0  0.093237  0.045057  0.02736  0.05957  0.08155  0.11847  0.27237
prInc  613.0  0.065635  0.051612  0.00918  0.03216  0.04890  0.08368  0.38023
label  613.0  0.530179  0.499496  0.00000  0.00000  1.00000  1.00000  1.00000
2024-02-18 15:58:31,376 [model_return_rf.py:37] [INFO] - class disturbution: 
 {0: 288, 1: 325}
2024-02-18 15:59:14,272 [model_return_rf.py:64] [INFO] - 
 Best paramters: {'max_depth': 3, 'max_samples': 0.3, 'min_samples_leaf': 30, 'n_estimators': 40} 

2024-02-18 15:59:14,272 [model_return_rf.py:79] [INFO] - shape of x: (429, 9) 
 
2024-02-18 15:59:14,340 [model_return_rf.py:94] [INFO] - confusion matrix: 
 [[10 76]
 [19 79]]
2024-02-18 15:59:14,341 [model_return_rf.py:101] [INFO] - precision: 0.510
2024-02-18 15:59:14,341 [model_return_rf.py:102] [INFO] - recall: 0.806
2024-02-18 15:59:14,341 [model_return_rf.py:103] [INFO] - accuracy: 0.484
